0 info it worked if it ends with ok
1 verbose cli [ '/opt/local/bin/node',
1 verbose cli   '/opt/local/bin/npm',
1 verbose cli   'start',
1 verbose cli   '--production' ]
2 info using npm@1.3.15
3 info using node@v0.10.22
4 error Error: Invalid version: "0.1"
4 error     at Object.module.exports.fixVersionField (/opt/local/lib/node_modules/npm/node_modules/read-package-json/node_modules/normalize-package-data/lib/fixer.js:180:13)
4 error     at /opt/local/lib/node_modules/npm/node_modules/read-package-json/node_modules/normalize-package-data/lib/normalize.js:29:38
4 error     at Array.forEach (native)
4 error     at normalize (/opt/local/lib/node_modules/npm/node_modules/read-package-json/node_modules/normalize-package-data/lib/normalize.js:28:15)
4 error     at final (/opt/local/lib/node_modules/npm/node_modules/read-package-json/read-json.js:310:33)
4 error     at then (/opt/local/lib/node_modules/npm/node_modules/read-package-json/read-json.js:124:33)
4 error     at /opt/local/lib/node_modules/npm/node_modules/read-package-json/read-json.js:234:40
4 error     at fs.js:266:14
4 error     at /opt/local/lib/node_modules/npm/node_modules/graceful-fs/graceful-fs.js:103:5
4 error     at Object.oncomplete (fs.js:107:15)
5 error If you need help, you may report this log at:
5 error     <http://github.com/isaacs/npm/issues>
5 error or email it to:
5 error     <npm-@googlegroups.com>
6 error System Darwin 13.1.0
7 error command "/opt/local/bin/node" "/opt/local/bin/npm" "start" "--production"
8 error cwd /Users/davidbalderston/Dropbox/Ghost Project/2 - howtoinstallghost.com/howto_redesign/content/themes/redesign
9 error node -v v0.10.22
10 error npm -v 1.3.15
11 verbose exit [ 1, true ]
